<?xml version="1.0" encoding="UTF-8"?>
<!-- Generated by org.testng.reporters.JUnitReportReporter -->
<testsuite hostname="LAPTOP-FGNP3911" failures="0" tests="3" name="extentReports.ExtentReportExample" time="26.566" errors="0" timestamp="2021-01-22T21:19:08 IST" skipped="0">
  <testcase classname="extentReports.ExtentReportExample" name="openBing" time="5.916"/>
  <system-out/>
  <testcase classname="extentReports.ExtentReportExample" name="openGoogle" time="10.289"/>
  <system-out/>
  <testcase classname="extentReports.ExtentReportExample" name="openWikipedia" time="10.361"/>
  <system-out/>
</testsuite> <!-- extentReports.ExtentReportExample -->
